# JRE version: OpenJDK Runtime Environment (11.0.2+9) (build 11.0.2+9)
# Java VM: OpenJDK 64-Bit Server VM (11.0.2+9, mixed mode, tiered, compressed oops, g1 gc, linux-amd64)
Heap:
 garbage-first heap   total 300032K, used 231936K [0x00000006e0000000, 0x0000000800000000)
  region size 1024K, 86 young (88064K), 9 survivors (9216K)
 Metaspace       used 94786K, capacity 100398K, committed 100696K, reserved 1136640K
  class space    used 12410K, capacity 14363K, committed 14464K, reserved 1048576K
GC Heap History (10 events):
Event: 51.912 GC heap after
{Heap after GC invocations=14 (full 0):
 garbage-first heap   total 300032K, used 69151K [0x00000006e0000000, 0x0000000800000000)
  region size 1024K, 17 young (17408K), 17 survivors (17408K)
 Metaspace       used 68419K, capacity 70609K, committed 70912K, reserved 1110016K
  class space    used 8787K, capacity 9624K, committed 9728K, reserved 1048576K
}
Event: 59.613 GC heap before
{Heap before GC invocations=14 (full 0):
 garbage-first heap   total 300032K, used 212511K [0x00000006e0000000, 0x0000000800000000)
  region size 1024K, 157 young (160768K), 17 survivors (17408K)
 Metaspace       used 73602K, capacity 76695K, committed 76800K, reserved 1116160K
  class space    used 9608K, capacity 10717K, committed 10752K, reserved 1048576K
}
Event: 59.722 GC heap after
{Heap after GC invocations=15 (full 0):
 garbage-first heap   total 300032K, used 88576K [0x00000006e0000000, 0x0000000800000000)
  region size 1024K, 20 young (20480K), 20 survivors (20480K)
 Metaspace       used 73602K, capacity 76695K, committed 76800K, reserved 1116160K
  class space    used 9608K, capacity 10717K, committed 10752K, reserved 1048576K
}
Event: 69.490 GC heap before
{Heap before GC invocations=15 (full 0):
 garbage-first heap   total 300032K, used 224768K [0x00000006e0000000, 0x0000000800000000)
  region size 1024K, 146 young (149504K), 20 survivors (20480K)
 Metaspace       used 79607K, capacity 84074K, committed 84352K, reserved 1122304K
  class space    used 10377K, capacity 11898K, committed 11904K, reserved 1048576K
}
Event: 69.545 GC heap after
{Heap after GC invocations=16 (full 0):
 garbage-first heap   total 300032K, used 116736K [0x00000006e0000000, 0x0000000800000000)
  region size 1024K, 19 young (19456K), 19 survivors (19456K)
 Metaspace       used 79607K, capacity 84074K, committed 84352K, reserved 1122304K
  class space    used 10377K, capacity 11898K, committed 11904K, reserved 1048576K
}
Event: 74.095 GC heap before
{Heap before GC invocations=16 (full 0):
 garbage-first heap   total 300032K, used 227328K [0x00000006e0000000, 0x0000000800000000)
  region size 1024K, 124 young (126976K), 19 survivors (19456K)
 Metaspace       used 84754K, capacity 89968K, committed 90368K, reserved 1126400K
  class space    used 11081K, capacity 12931K, committed 13056K, reserved 1048576K
}
Event: 74.157 GC heap after
{Heap after GC invocations=17 (full 0):
 garbage-first heap   total 300032K, used 135168K [0x00000006e0000000, 0x0000000800000000)
  region size 1024K, 14 young (14336K), 14 survivors (14336K)
 Metaspace       used 84754K, capacity 89968K, committed 90368K, reserved 1126400K
  class space    used 11081K, capacity 12931K, committed 13056K, reserved 1048576K
}
Event: 76.235 GC heap before
{Heap before GC invocations=17 (full 0):
 garbage-first heap   total 300032K, used 230400K [0x00000006e0000000, 0x0000000800000000)
  region size 1024K, 107 young (109568K), 14 survivors (14336K)
 Metaspace       used 89968K, capacity 95304K, committed 95488K, reserved 1130496K
  class space    used 11725K, capacity 13517K, committed 13568K, reserved 1048576K
}
Event: 76.361 GC heap after
{Heap after GC invocations=18 (full 0):
 garbage-first heap   total 300032K, used 153088K [0x00000006e0000000, 0x0000000800000000)
  region size 1024K, 14 young (14336K), 14 survivors (14336K)
 Metaspace       used 89968K, capacity 95304K, committed 95488K, reserved 1130496K
  class space    used 11725K, capacity 13517K, committed 13568K, reserved 1048576K
}
Event: 78.591 GC heap before
{Heap before GC invocations=18 (full 0):
 garbage-first heap   total 300032K, used 230912K [0x00000006e0000000, 0x0000000800000000)
  region size 1024K, 91 young (93184K), 14 survivors (14336K)
 Metaspace       used 94786K, capacity 100398K, committed 100696K, reserved 1136640K
  class space    used 12410K, capacity 14363K, committed 14464K, reserved 1048576K
}

